<?xml version="1.0" encoding="UTF-8"?>
<!-- Generated by org.testng.reporters.JUnitXMLReporter -->
<testsuite ignored="0" hostname="PCDGSQ5KR3" failures="0" tests="3" name="Default test" time="0.422" errors="0" timestamp="2023-01-28T23:22:37 EST">
  <testcase classname="com.tmb.tests.DataSupplierTest" name="dataSupplierTest" time="0.009"/>
  <testcase classname="com.tmb.tests.DataSupplierTest" name="dataSupplierTest" time="0.001"/>
  <testcase classname="com.tmb.tests.DataSupplierTest" name="dataSupplierTest" time="0.001"/>
</testsuite> <!-- Default test -->
