<?xml version="1.0" encoding="UTF-8"?>
<!-- Generated by org.testng.reporters.JUnitXMLReporter -->
<testsuite ignored="0" hostname="DESKTOP-NMUOBS7" failures="0" tests="3" name="SeleniumFramework" time="12.755" errors="0" timestamp="2023-01-29T14:27:17 EST">
  <testcase classname="com.tmb.tests.HomePageTest" name="titleValidationTest" time="2.235"/>
  <testcase classname="com.tmb.tests.PaymentTest" name="test2" time="1.811"/>
  <testcase classname="com.tmb.tests.HomePageTest" name="titleValidationTest" time="2.217"/>
</testsuite> <!-- SeleniumFramework -->
