<?xml version="1.0" encoding="UTF-8"?>
<testng-results ignored="0" total="3" passed="3" failed="0" skipped="0">
  <reporter-output>
  </reporter-output>
  <suite started-at="2023-01-29T15:01:53 EST" name="All Test Suite" finished-at="2023-01-29T15:02:01 EST" duration-ms="8287">
    <groups>
    </groups>
    <test started-at="2023-01-29T15:01:53 EST" name="SeleniumFramework" finished-at="2023-01-29T15:02:01 EST" duration-ms="8287">
      <class name="com.tmb.tests.PaymentTest">
        <test-method is-config="true" signature="setUp()[pri:0, instance:com.tmb.tests.PaymentTest@29215f06]" started-at="2023-01-29T15:01:53 EST" name="setUp" finished-at="2023-01-29T15:01:58 EST" duration-ms="4631" status="PASS">
          <reporter-output>
          </reporter-output>
        </test-method> <!-- setUp -->
        <test-method signature="test2(com.tmb.testdata.TestData)[pri:0, instance:com.tmb.tests.PaymentTest@29215f06]" started-at="2023-01-29T15:01:58 EST" name="test2" description="To check something" data-provider="supplyParallelData" finished-at="2023-01-29T15:02:00 EST" duration-ms="1688" status="PASS">
          <params>
            <param index="0">
              <value>
                <![CDATA[com.tmb.testdata.TestData@29e7045]]>
              </value>
            </param>
          </params>
          <reporter-output>
          </reporter-output>
        </test-method> <!-- test2 -->
        <test-method is-config="true" signature="tearDown()[pri:0, instance:com.tmb.tests.PaymentTest@29215f06]" started-at="2023-01-29T15:02:00 EST" name="tearDown" finished-at="2023-01-29T15:02:00 EST" duration-ms="90" status="PASS">
          <reporter-output>
          </reporter-output>
        </test-method> <!-- tearDown -->
      </class> <!-- com.tmb.tests.PaymentTest -->
      <class name="com.tmb.tests.HomePageTest">
        <test-method is-config="true" signature="setUp()[pri:0, instance:com.tmb.tests.HomePageTest@4f2b503c]" started-at="2023-01-29T15:01:53 EST" name="setUp" finished-at="2023-01-29T15:01:58 EST" duration-ms="5144" status="PASS">
          <reporter-output>
          </reporter-output>
        </test-method> <!-- setUp -->
        <test-method is-config="true" signature="setUp()[pri:0, instance:com.tmb.tests.HomePageTest@4f2b503c]" started-at="2023-01-29T15:01:53 EST" name="setUp" finished-at="2023-01-29T15:01:59 EST" duration-ms="5322" status="PASS">
          <reporter-output>
          </reporter-output>
        </test-method> <!-- setUp -->
        <test-method signature="titleValidationTest(com.tmb.testdata.TestData)[pri:0, instance:com.tmb.tests.HomePageTest@4f2b503c]" started-at="2023-01-29T15:01:58 EST" name="titleValidationTest" description="To check whether the user the title of orangehrm website homepage is displayed correctly" data-provider="supplyParallelData" finished-at="2023-01-29T15:02:00 EST" duration-ms="2036" status="PASS">
          <params>
            <param index="0">
              <value>
                <![CDATA[com.tmb.testdata.TestData@51c4f328]]>
              </value>
            </param>
          </params>
          <reporter-output>
          </reporter-output>
        </test-method> <!-- titleValidationTest -->
        <test-method signature="titleValidationTest(com.tmb.testdata.TestData)[pri:0, instance:com.tmb.tests.HomePageTest@4f2b503c]" started-at="2023-01-29T15:01:59 EST" name="titleValidationTest" description="To check whether the user the title of orangehrm website homepage is displayed correctly" data-provider="supplyParallelData" finished-at="2023-01-29T15:02:01 EST" duration-ms="2089" status="PASS">
          <params>
            <param index="0">
              <value>
                <![CDATA[com.tmb.testdata.TestData@c212051]]>
              </value>
            </param>
          </params>
          <reporter-output>
          </reporter-output>
        </test-method> <!-- titleValidationTest -->
        <test-method is-config="true" signature="tearDown()[pri:0, instance:com.tmb.tests.HomePageTest@4f2b503c]" started-at="2023-01-29T15:02:01 EST" name="tearDown" finished-at="2023-01-29T15:02:01 EST" duration-ms="100" status="PASS">
          <reporter-output>
          </reporter-output>
        </test-method> <!-- tearDown -->
        <test-method is-config="true" signature="tearDown()[pri:0, instance:com.tmb.tests.HomePageTest@4f2b503c]" started-at="2023-01-29T15:02:01 EST" name="tearDown" finished-at="2023-01-29T15:02:01 EST" duration-ms="104" status="PASS">
          <reporter-output>
          </reporter-output>
        </test-method> <!-- tearDown -->
      </class> <!-- com.tmb.tests.HomePageTest -->
    </test> <!-- SeleniumFramework -->
  </suite> <!-- All Test Suite -->
</testng-results>
